<?xml version="1.0" encoding="UTF-8"?>
<!-- Generated by org.testng.reporters.JUnitReportReporter -->
<testsuite hostname="LAPTOP-PN4GH1FS" failures="0" tests="1" name="com.tb.test.TestScenario" time="7.943" errors="0" timestamp="2021-06-25T11:52:56 IST" skipped="0">
  <testcase classname="com.tb.test.TestScenario" name="Test1" time="7.943"/>
  <system-out/>
</testsuite> <!-- com.tb.test.TestScenario -->
